<?xml version="1.0" encoding="UTF-8"?>
<testsuite name="QuantityMeasurementTest" tests="1" skipped="0" failures="0" errors="0" timestamp="2020-09-04T14:17:26" hostname="DESKTOP-1HIDL2M" time="0.014">
  <properties/>
  <testcase name="given2InchesAnd2Inches_WhenEqualTo4Inches_ShouldReturnTrue" classname="QuantityMeasurementTest" time="0.014"/>
  <system-out><![CDATA[]]></system-out>
  <system-err><![CDATA[]]></system-err>
</testsuite>
