<?xml version="1.0" encoding="UTF-8"?>
<testsuite name="QuantityMeasurementTest" tests="1" skipped="0" failures="0" errors="0" timestamp="2020-09-04T17:24:14" hostname="DESKTOP-1HIDL2M" time="0.003">
  <properties/>
  <testcase name="given1GallonAnd3point785LitresVolume_WhenAddedNotEqualTo8Litres_ShouldReturnFalse" classname="QuantityMeasurementTest" time="0.003"/>
  <system-out><![CDATA[]]></system-out>
  <system-err><![CDATA[]]></system-err>
</testsuite>
