<?xml version="1.0" encoding="UTF-8"?>
<testsuite name="QuantityMeasurementTest" tests="1" skipped="0" failures="0" errors="0" timestamp="2020-09-04T12:59:17" hostname="DESKTOP-1HIDL2M" time="0.002">
  <properties/>
  <testcase name="given4InchesAnd9Centimeter_IfNotEqual_ShouldReturnFalse" classname="QuantityMeasurementTest" time="0.002"/>
  <system-out><![CDATA[]]></system-out>
  <system-err><![CDATA[]]></system-err>
</testsuite>
