<?xml version="1.0" encoding="UTF-8"?>
<testsuite name="QuantityMeasurementTest" tests="1" skipped="0" failures="0" errors="0" timestamp="2020-09-05T02:31:08" hostname="DESKTOP-1HIDL2M" time="0.003">
  <properties/>
  <testcase name="given1TonneAnd1000Grams_WhenAddedEqualTo1001Kilograms_ShouldTrue" classname="QuantityMeasurementTest" time="0.003"/>
  <system-out><![CDATA[]]></system-out>
  <system-err><![CDATA[]]></system-err>
</testsuite>
