<?xml version="1.0" encoding="UTF-8"?>
<testsuite name="QuantityMeasurementTest" tests="1" skipped="0" failures="0" errors="0" timestamp="2020-09-01T16:18:12" hostname="DESKTOP-1HIDL2M" time="0.005">
  <properties/>
  <testcase name="givenQuantityMeasurementType_IfNotProper_ShouldReturnFalse" classname="QuantityMeasurementTest" time="0.005"/>
  <system-out><![CDATA[]]></system-out>
  <system-err><![CDATA[]]></system-err>
</testsuite>
