<?xml version="1.0" encoding="UTF-8"?>
<testsuite name="QuantityMeasurementTest" tests="1" skipped="0" failures="0" errors="0" timestamp="2020-09-05T03:28:21" hostname="DESKTOP-1HIDL2M" time="0.002">
  <properties/>
  <testcase name="given0FahrenheitAnd0Fahrenheit_WhenEqual_ShouldReturnTrue" classname="QuantityMeasurementTest" time="0.002"/>
  <system-out><![CDATA[]]></system-out>
  <system-err><![CDATA[]]></system-err>
</testsuite>
