<?xml version="1.0" encoding="UTF-8"?>
<testsuite name="QuantityMeasurementTest" tests="1" skipped="0" failures="0" errors="0" timestamp="2020-09-03T13:28:43" hostname="DESKTOP-1HIDL2M" time="0.01">
  <properties/>
  <testcase name="given1FeetAnd2Feet_IfNotEqual_shouldReturnNotEqual" classname="QuantityMeasurementTest" time="0.01"/>
  <system-out><![CDATA[]]></system-out>
  <system-err><![CDATA[]]></system-err>
</testsuite>
