<?xml version="1.0" encoding="UTF-8"?>
<testsuite name="QuantityMeasurementTest" tests="1" skipped="0" failures="0" errors="0" timestamp="2020-09-02T12:12:54" hostname="DESKTOP-1HIDL2M" time="0.004">
  <properties/>
  <testcase name="given2InchAnd5Centimeter_IfEqual_ShouldReturnEqual" classname="QuantityMeasurementTest" time="0.004"/>
  <system-out><![CDATA[]]></system-out>
  <system-err><![CDATA[]]></system-err>
</testsuite>
