<?xml version="1.0" encoding="UTF-8"?>
<testsuite name="QuantityMeasurementTest" tests="1" skipped="0" failures="0" errors="0" timestamp="2020-09-03T13:19:01" hostname="DESKTOP-1HIDL2M" time="0.004">
  <properties/>
  <testcase name="given0FeetAnd0Feet_shouldReturnEqual" classname="QuantityMeasurementTest" time="0.004"/>
  <system-out><![CDATA[]]></system-out>
  <system-err><![CDATA[]]></system-err>
</testsuite>
